c:\users\david c. drake\documents\dsc\spring2012\cs3005\fractals\fractals\debug\mandelbrot.obj
c:\users\david c. drake\documents\dsc\spring2012\cs3005\fractals\fractals\debug\fractal.obj
c:\users\david c. drake\documents\dsc\spring2012\cs3005\fractals\fractals\debug\main.obj
c:\users\david c. drake\documents\dsc\spring2012\cs3005\fractals\fractals\debug\vc100.pdb
c:\users\david c. drake\documents\dsc\spring2012\cs3005\fractals\debug\fractals.ilk
c:\users\david c. drake\documents\dsc\spring2012\cs3005\fractals\debug\fractals.exe
c:\users\david c. drake\documents\dsc\spring2012\cs3005\fractals\fractals\debug\fractals.exe.intermediate.manifest
c:\users\david c. drake\documents\dsc\spring2012\cs3005\fractals\debug\fractals.pdb
c:\users\david c. drake\documents\dsc\spring2012\cs3005\fractals\fractals\debug\fractals.exe.embed.manifest
c:\users\david c. drake\documents\dsc\spring2012\cs3005\fractals\fractals\debug\fractals.exe.embed.manifest.res
c:\users\david\copy\code\c++\opengl-experiments\fractals\fractals\debug\vc140.pdb
c:\users\david\copy\code\c++\opengl-experiments\fractals\fractals\debug\vc140.idb
c:\users\david\copy\code\c++\opengl-experiments\fractals\fractals\debug\fractal.obj
c:\users\david\copy\code\c++\opengl-experiments\fractals\fractals\debug\mandelbrot.obj
c:\users\david\copy\code\c++\opengl-experiments\fractals\fractals\debug\main.obj
c:\users\david\copy\code\c++\opengl-experiments\fractals\fractals\debug\cl.command.1.tlog
c:\users\david\copy\code\c++\opengl-experiments\fractals\fractals\debug\cl.read.1.tlog
c:\users\david\copy\code\c++\opengl-experiments\fractals\fractals\debug\cl.write.1.tlog
c:\users\david\copy\code\c++\opengl-experiments\fractals\fractals\debug\link-cvtres.read.1.tlog
c:\users\david\copy\code\c++\opengl-experiments\fractals\fractals\debug\link-cvtres.write.1.tlog
c:\users\david\copy\code\c++\opengl-experiments\fractals\fractals\debug\link.4424-cvtres.read.1.tlog
c:\users\david\copy\code\c++\opengl-experiments\fractals\fractals\debug\link.4424-cvtres.write.1.tlog
c:\users\david\copy\code\c++\opengl-experiments\fractals\fractals\debug\link.4424.read.1.tlog
c:\users\david\copy\code\c++\opengl-experiments\fractals\fractals\debug\link.4424.write.1.tlog
c:\users\david\copy\code\c++\opengl-experiments\fractals\fractals\debug\link.command.1.tlog
c:\users\david\copy\code\c++\opengl-experiments\fractals\fractals\debug\link.read.1.tlog
c:\users\david\copy\code\c++\opengl-experiments\fractals\fractals\debug\link.write.1.tlog
c:\users\david\copy\code\c++\opengl-experiments\fractals\fractals\debug\mt.command.1.tlog
c:\users\david\copy\code\c++\opengl-experiments\fractals\fractals\debug\mt.read.1.tlog
c:\users\david\copy\code\c++\opengl-experiments\fractals\fractals\debug\mt.write.1.tlog
c:\users\david\copy\code\c++\opengl-experiments\fractals\fractals\debug\rc.command.1.tlog
c:\users\david\copy\code\c++\opengl-experiments\fractals\fractals\debug\rc.read.1.tlog
c:\users\david\copy\code\c++\opengl-experiments\fractals\fractals\debug\rc.write.1.tlog
c:\users\david\copy\code\c++\opengl-experiments\fractals\fractals\debug\fractals.exe.embed.manifest
c:\users\david\copy\code\c++\opengl-experiments\fractals\fractals\debug\fractals.exe.intermediate.manifest
c:\users\david\copy\code\c++\opengl-experiments\fractals\fractals\debug\fractals.exe.embed.manifest.res
c:\users\david\copy\code\c++\opengl-experiments\fractals\fractals\debug\vc100.idb
c:\users\david\copy\code\c++\opengl-experiments\fractals\fractals\debug\vc100.pdb
c:\users\david\copy\code\c++\opengl-experiments\fractals\fractals\debug\fractals_manifest.rc
c:\users\david\copy\code\c++\opengl-experiments\fractals\debug\fractals.pdb
c:\users\david\copy\code\c++\opengl-experiments\fractals\fractals\debug\fractals.tlog\cl.command.1.tlog
c:\users\david\copy\code\c++\opengl-experiments\fractals\fractals\debug\fractals.tlog\cl.read.1.tlog
c:\users\david\copy\code\c++\opengl-experiments\fractals\fractals\debug\fractals.tlog\cl.write.1.tlog
c:\users\david\copy\code\c++\opengl-experiments\fractals\fractals\debug\fractals.tlog\link-cvtres.read.1.tlog
c:\users\david\copy\code\c++\opengl-experiments\fractals\fractals\debug\fractals.tlog\link-cvtres.write.1.tlog
c:\users\david\copy\code\c++\opengl-experiments\fractals\fractals\debug\fractals.tlog\link-rc.read.1.tlog
c:\users\david\copy\code\c++\opengl-experiments\fractals\fractals\debug\fractals.tlog\link-rc.write.1.tlog
c:\users\david\copy\code\c++\opengl-experiments\fractals\fractals\debug\fractals.tlog\link.command.1.tlog
c:\users\david\copy\code\c++\opengl-experiments\fractals\fractals\debug\fractals.tlog\link.read.1.tlog
c:\users\david\copy\code\c++\opengl-experiments\fractals\fractals\debug\fractals.tlog\link.write.1.tlog
